<?xml version="1.0" encoding="UTF-8"?>
<testsuite name="testing_gradle.CoffeeMakerTestJaCoco" tests="6" skipped="0" failures="0" errors="0" timestamp="2022-06-05T04:25:14" hostname="JOLP_PC_MASTER" time="0.004">
  <properties/>
  <testcase name="testAddRecipe1()" classname="testing_gradle.CoffeeMakerTestJaCoco" time="0.0"/>
  <testcase name="testDeleteRecipe4()" classname="testing_gradle.CoffeeMakerTestJaCoco" time="0.0"/>
  <testcase name="testAddInventory()" classname="testing_gradle.CoffeeMakerTestJaCoco" time="0.0"/>
  <testcase name="testMakeCoffee()" classname="testing_gradle.CoffeeMakerTestJaCoco" time="0.0"/>
  <testcase name="testAddInventoryException()" classname="testing_gradle.CoffeeMakerTestJaCoco" time="0.001"/>
  <testcase name="testMakeCoffee1()" classname="testing_gradle.CoffeeMakerTestJaCoco" time="0.001"/>
  <system-out><![CDATA[]]></system-out>
  <system-err><![CDATA[]]></system-err>
</testsuite>
