<?xml version="1.0" encoding="UTF-8"?>
<testsuite name="testing_gradle.CoffeeMakerTest" tests="7" skipped="0" failures="0" errors="0" timestamp="2022-06-05T04:25:14" hostname="JOLP_PC_MASTER" time="0.024">
  <properties/>
  <testcase name="recipeExceptionTest()" classname="testing_gradle.CoffeeMakerTest" time="0.013"/>
  <testcase name="deleteRecipeTest()" classname="testing_gradle.CoffeeMakerTest" time="0.003"/>
  <testcase name="addInventoryTest()" classname="testing_gradle.CoffeeMakerTest" time="0.004"/>
  <testcase name="makeCoffeeTest()" classname="testing_gradle.CoffeeMakerTest" time="0.001"/>
  <testcase name="addRecipeTest()" classname="testing_gradle.CoffeeMakerTest" time="0.0"/>
  <testcase name="addInventoryExceptionTest()" classname="testing_gradle.CoffeeMakerTest" time="0.0"/>
  <testcase name="editRecipeTest()" classname="testing_gradle.CoffeeMakerTest" time="0.001"/>
  <system-out><![CDATA[
Initial Inventory
Coffee: 15
Milk: 15
Sugar: 15
Chocolate: 15

Final Inventory
Coffee: 25
Milk: 45
Sugar: 35
Chocolate: 115

]]></system-out>
  <system-err><![CDATA[]]></system-err>
</testsuite>
