<?xml version="1.0" encoding="UTF-8"?>
<testsuite name="testing_gradle.LibraryTest" tests="1" skipped="0" failures="0" errors="0" timestamp="2022-06-05T04:25:14" hostname="JOLP_PC_MASTER" time="0.002">
  <properties/>
  <testcase name="someLibraryMethodReturnsTrue()" classname="testing_gradle.LibraryTest" time="0.002"/>
  <system-out><![CDATA[]]></system-out>
  <system-err><![CDATA[]]></system-err>
</testsuite>
