<?xml version="1.0" encoding="UTF-8"?>
<testsuite name="Scenario: Add a Recipe" tests="6" skipped="0" failures="0" errors="0" timestamp="2022-07-04T17:43:54" hostname="JOLP_PC_MASTER" time="0.007">
  <properties/>
  <testcase name="Given an empty recipe book" classname="Scenario: Add a Recipe" time="0.0"/>
  <testcase name="When user selects add_recipe" classname="Scenario: Add a Recipe" time="0.0"/>
  <testcase name="And user puts the name of the recipe &quot;MokaLoka&quot;" classname="Scenario: Add a Recipe" time="0.0"/>
  <testcase name="And user puts the rest of the recipe elements" classname="Scenario: Add a Recipe" time="0.0"/>
  <testcase name="Then main menu raises up" classname="Scenario: Add a Recipe" time="0.001"/>
  <testcase name="classMethod" classname="Scenario: Add a Recipe" time="0.007"/>
  <system-out><![CDATA[]]></system-out>
  <system-err><![CDATA[]]></system-err>
</testsuite>
