<?xml version="1.0" encoding="UTF-8"?>
<testsuite name="Scenario: Edit a Recipe" tests="6" skipped="0" failures="0" errors="0" timestamp="2022-07-04T17:43:54" hostname="JOLP_PC_MASTER" time="0.001">
  <properties/>
  <testcase name="Given a default recipe book" classname="Scenario: Edit a Recipe" time="0.0"/>
  <testcase name="When user selects edit_recipe" classname="Scenario: Edit a Recipe" time="0.0"/>
  <testcase name="And user selects the recipe No 1" classname="Scenario: Edit a Recipe" time="0.0"/>
  <testcase name="And user updates the recipe selected" classname="Scenario: Edit a Recipe" time="0.001"/>
  <testcase name="Then main menu raises up" classname="Scenario: Edit a Recipe" time="0.0"/>
  <testcase name="classMethod" classname="Scenario: Edit a Recipe" time="0.002"/>
  <system-out><![CDATA[]]></system-out>
  <system-err><![CDATA[]]></system-err>
</testsuite>
