<?xml version="1.0" encoding="UTF-8"?>
<testsuite name="Scenario: Purchase Beverage" tests="11" skipped="0" failures="0" errors="0" timestamp="2022-07-04T17:43:54" hostname="JOLP_PC_MASTER" time="0.002">
  <properties/>
  <testcase name="Given a default recipe book" classname="Scenario: Purchase Beverage" time="0.0"/>
  <testcase name="When user selects purchase_coffee" classname="Scenario: Purchase Beverage" time="0.0"/>
  <testcase name="And user validate purchase 2" classname="Scenario: Purchase Beverage" time="0.0"/>
  <testcase name="Then main menu raises up" classname="Scenario: Purchase Beverage" time="0.0"/>
  <testcase name="When user selects insert_money" classname="Scenario: Purchase Beverage" time="0.0"/>
  <testcase name="And user insert_money 75" classname="Scenario: Purchase Beverage" time="0.0"/>
  <testcase name="Then main menu raises up" classname="Scenario: Purchase Beverage" time="0.0"/>
  <testcase name="When user selects purchase_coffee" classname="Scenario: Purchase Beverage" time="0.0"/>
  <testcase name="And user validate purchase 2" classname="Scenario: Purchase Beverage" time="0.0"/>
  <testcase name="Then main menu raises up" classname="Scenario: Purchase Beverage" time="0.0"/>
  <testcase name="classMethod" classname="Scenario: Purchase Beverage" time="0.002"/>
  <system-out><![CDATA[]]></system-out>
  <system-err><![CDATA[]]></system-err>
</testsuite>
