<?xml version="1.0" encoding="UTF-8"?>
<testsuite name="Scenario: Delete an empty recipe" tests="5" skipped="0" failures="0" errors="0" timestamp="2022-07-04T17:43:54" hostname="JOLP_PC_MASTER" time="0.0">
  <properties/>
  <testcase name="Given an empty recipe book" classname="Scenario: Delete an empty recipe" time="0.0"/>
  <testcase name="When user selects delete_recipe" classname="Scenario: Delete an empty recipe" time="0.0"/>
  <testcase name="And looking for the recipe &quot;Latte&quot;" classname="Scenario: Delete an empty recipe" time="0.0"/>
  <testcase name="Then main menu raises up" classname="Scenario: Delete an empty recipe" time="0.0"/>
  <testcase name="classMethod" classname="Scenario: Delete an empty recipe" time="0.0"/>
  <system-out><![CDATA[]]></system-out>
  <system-err><![CDATA[]]></system-err>
</testsuite>
