<?xml version="1.0" encoding="UTF-8"?>
<testsuite name="| 5 | CHECK_INVENTORY |" tests="4" skipped="0" failures="0" errors="0" timestamp="2022-07-04T17:43:54" hostname="JOLP_PC_MASTER" time="0.001">
  <properties/>
  <testcase name="Given a default recipe book" classname="| 5 | CHECK_INVENTORY |" time="0.0"/>
  <testcase name="When user selects the key 5" classname="| 5 | CHECK_INVENTORY |" time="0.0"/>
  <testcase name="Then the current mode is &quot;CHECK_INVENTORY&quot;" classname="| 5 | CHECK_INVENTORY |" time="0.0"/>
  <testcase name="classMethod" classname="| 5 | CHECK_INVENTORY |" time="0.001"/>
  <system-out><![CDATA[]]></system-out>
  <system-err><![CDATA[]]></system-err>
</testsuite>
