<?xml version="1.0" encoding="UTF-8"?>
<testsuite name="| 4 | ADD_INVENTORY |" tests="4" skipped="0" failures="0" errors="0" timestamp="2022-07-04T17:43:54" hostname="JOLP_PC_MASTER" time="0.002">
  <properties/>
  <testcase name="Given a default recipe book" classname="| 4 | ADD_INVENTORY |" time="0.0"/>
  <testcase name="When user selects the key 4" classname="| 4 | ADD_INVENTORY |" time="0.0"/>
  <testcase name="Then the current mode is &quot;ADD_INVENTORY&quot;" classname="| 4 | ADD_INVENTORY |" time="0.0"/>
  <testcase name="classMethod" classname="| 4 | ADD_INVENTORY |" time="0.002"/>
  <system-out><![CDATA[]]></system-out>
  <system-err><![CDATA[]]></system-err>
</testsuite>
